c:\users\chels\cs499\texture-master\build\src\code\library\library.dir\release\random.obj
c:\users\chels\cs499\texture-master\build\src\code\library\library.dir\release\pyramidneighborhood.obj
c:\users\chels\cs499\texture-master\build\src\code\library\library.dir\release\pyramiddomain.obj
c:\users\chels\cs499\texture-master\build\src\code\library\library.dir\release\pyramid.obj
c:\users\chels\cs499\texture-master\build\src\code\library\library.dir\release\position.obj
c:\users\chels\cs499\texture-master\build\src\code\library\library.dir\release\plainpyramiddomain.obj
c:\users\chels\cs499\texture-master\build\src\code\library\library.dir\release\plainneighborhood.obj
c:\users\chels\cs499\texture-master\build\src\code\library\library.dir\release\plaindomain.obj
c:\users\chels\cs499\texture-master\build\src\code\library\library.dir\release\neighborhood.obj
c:\users\chels\cs499\texture-master\build\src\code\library\library.dir\release\math.obj
c:\users\chels\cs499\texture-master\build\src\code\library\library.dir\release\match.obj
c:\users\chels\cs499\texture-master\build\src\code\library\library.dir\release\image.obj
c:\users\chels\cs499\texture-master\build\src\code\library\library.dir\release\framebuffer.obj
c:\users\chels\cs499\texture-master\build\src\code\library\library.dir\release\exception.obj
c:\users\chels\cs499\texture-master\build\src\code\library\library.dir\release\domain.obj
c:\users\chels\cs499\texture-master\build\src\code\library\library.dir\release\counter.obj
c:\users\chels\cs499\texture-master\build\src\code\library\library.dir\release\coherencesynthesizer.obj
c:\users\chels\cs499\texture-master\build\src\code\library\library.dir\release\coherenceneighborhood.obj
c:\users\chels\cs499\texture-master\build\src\code\library\library.dir\release\causaltemplar.obj
c:\users\chels\cs499\texture-master\build\src\code\library\library.dir\release\array.obj
c:\users\chels\cs499\texture-master\build\src\code\library\library.dir\release\vectorrange.obj
c:\users\chels\cs499\texture-master\build\src\code\library\library.dir\release\utility.obj
c:\users\chels\cs499\texture-master\build\src\code\library\library.dir\release\toroidaldomain.obj
c:\users\chels\cs499\texture-master\build\src\code\library\library.dir\release\texturepyramid.obj
c:\users\chels\cs499\texture-master\build\src\code\library\library.dir\release\texture.obj
c:\users\chels\cs499\texture-master\build\src\code\library\library.dir\release\texel.obj
c:\users\chels\cs499\texture-master\build\src\code\library\library.dir\release\templar.obj
c:\users\chels\cs499\texture-master\build\src\code\library\library.dir\release\synthesizer.obj
c:\users\chels\cs499\texture-master\build\src\code\library\library.dir\release\squaretemplar.obj
c:\users\chels\cs499\texture-master\build\src\code\library\library.dir\release\sequentialcounter.obj
c:\users\chels\cs499\texture-master\build\src\code\library\library.dir\release\sequencer.obj
c:\users\chels\cs499\texture-master\build\src\code\library\library.dir\release\seamsynthesizer.obj
c:\users\chels\cs499\texture-master\build\src\code\library\library.dir\release\seamsequencer.obj
c:\users\chels\cs499\texture-master\build\src\code\library\library.dir\release\seamster.obj
c:\users\chels\cs499\texture-master\build\src\code\library\library.dir\release\scanlinesequencer.obj
c:\users\chels\cs499\texture-master\build\src\code\library\library.dir\release\range.obj
c:\users\chels\cs499\texture-master\build\src\code\library\library.dir\release\randomvisitsequencer.obj
c:\users\chels\cs499\texture-master\build\src\code\library\library.dir\release\randomsynthesizer.obj
c:\users\chels\cs499\texture-master\build\src\code\library\library.dir\release\randomshufflesequencer.obj
c:\users\chels\cs499\texture-master\build\src\code\library\library.dir\release\randomdiffusionsequencer.obj
c:\users\chels\cs499\texture-master\build\src\code\library\library.dir\release\weaver.obj
c:\users\chels\cs499\texture-master\build\src\code\library\library.dir\release\srand48.obj
c:\users\chels\cs499\texture-master\build\src\code\library\library.dir\release\erand48.obj
c:\users\chels\cs499\texture-master\build\src\code\library\library.dir\release\drand48.obj
c:\users\chels\cs499\texture-master\build\src\code\library\library.dir\release\_rand48.obj
c:\users\chels\cs499\texture-master\build\src\code\library\cmakefiles\generate.stamp
c:\users\chels\cs499\texture-master\build\lib\release\library.lib
c:\users\chels\cs499\texture-master\build\src\code\library\library.dir\release\library.tlog\cl.command.1.tlog
c:\users\chels\cs499\texture-master\build\src\code\library\library.dir\release\library.tlog\cl.read.1.tlog
c:\users\chels\cs499\texture-master\build\src\code\library\library.dir\release\library.tlog\cl.write.1.tlog
c:\users\chels\cs499\texture-master\build\src\code\library\library.dir\release\library.tlog\custombuild.command.1.tlog
c:\users\chels\cs499\texture-master\build\src\code\library\library.dir\release\library.tlog\custombuild.read.1.tlog
c:\users\chels\cs499\texture-master\build\src\code\library\library.dir\release\library.tlog\custombuild.write.1.tlog
c:\users\chels\cs499\texture-master\build\src\code\library\library.dir\release\library.tlog\lib-link.write.1.tlog
c:\users\chels\cs499\texture-master\build\src\code\library\library.dir\release\library.tlog\lib.command.1.tlog
c:\users\chels\cs499\texture-master\build\src\code\library\library.dir\release\library.tlog\lib.read.1.tlog
